2018-02-02 11:21:41,626 [Worker-2] INFO  c.g.t.t.d.PublishedGradleVersions - Gradle version information cache is not available. Remote download required.
2018-02-02 13:17:16,704 [Worker-0] INFO  c.g.t.t.d.PublishedGradleVersions - Gradle version information cache is not available. Remote download required.
2018-02-08 09:12:26,226 [Worker-0] INFO  c.g.t.t.d.PublishedGradleVersions - Gradle version information cache is not available. Remote download required.
2018-02-08 17:03:16,088 [Worker-3] INFO  c.g.t.t.d.PublishedGradleVersions - Gradle version information cache is not available. Remote download required.
2018-02-09 13:01:20,982 [Worker-1] INFO  c.g.t.t.d.PublishedGradleVersions - Gradle version information cache is not available. Remote download required.
2018-02-16 09:07:27,538 [Worker-0] INFO  c.g.t.t.d.PublishedGradleVersions - Gradle version information cache is not available. Remote download required.
2018-02-16 13:36:10,662 [Worker-1] INFO  c.g.t.t.d.PublishedGradleVersions - Gradle version information cache is not available. Remote download required.
2018-02-23 09:15:20,983 [Worker-2] INFO  c.g.t.t.d.PublishedGradleVersions - Gradle version information cache is not available. Remote download required.
2018-02-23 13:08:19,151 [Worker-2] INFO  c.g.t.t.d.PublishedGradleVersions - Gradle version information cache is not available. Remote download required.
<<<<<<< HEAD
2018-02-23 16:47:49,772 [Worker-2] INFO  c.g.t.t.d.PublishedGradleVersions - Gradle version information cache is up-to-date. Trying to read.
=======
2018-03-05 10:04:25,089 [Worker-2] INFO  c.g.t.t.d.PublishedGradleVersions - Gradle version information cache is not available. Remote download required.
2018-03-05 10:25:00,094 [Worker-1] INFO  c.g.t.t.d.PublishedGradleVersions - Gradle version information cache is not available. Remote download required.
2018-03-05 13:47:41,290 [Worker-2] INFO  c.g.t.t.d.PublishedGradleVersions - Gradle version information cache is not available. Remote download required.
2018-03-06 13:31:24,915 [Worker-1] INFO  c.g.t.t.d.PublishedGradleVersions - Gradle version information cache is not available. Remote download required.
2018-03-08 09:13:57,248 [Worker-0] INFO  c.g.t.t.d.PublishedGradleVersions - Gradle version information cache is not available. Remote download required.
<<<<<<< HEAD
2018-03-09 09:10:44,058 [Worker-0] INFO  c.g.t.t.d.PublishedGradleVersions - Gradle version information cache is not available. Remote download required.
=======
>>>>>>> master
2018-03-08 19:05:59,989 [Worker-0] INFO  c.g.t.t.d.PublishedGradleVersions - Gradle version information cache is out-of-date. Trying to update.
>>>>>>> 0f1cb782e0e89a6e2f05e06d9b14e5444a471a85
2018-03-09 11:11:22,364 [Worker-0] INFO  c.g.t.t.d.PublishedGradleVersions - Gradle version information cache is not available. Remote download required.
2018-03-09 13:10:52,871 [Worker-1] INFO  c.g.t.t.d.PublishedGradleVersions - Gradle version information cache is not available. Remote download required.
2018-03-16 09:11:02,094 [Worker-3] INFO  c.g.t.t.d.PublishedGradleVersions - Gradle version information cache is not available. Remote download required.
2018-03-16 13:45:32,409 [Worker-0] INFO  c.g.t.t.d.PublishedGradleVersions - Gradle version information cache is not available. Remote download required.
2018-03-19 10:18:15,653 [Worker-2] INFO  c.g.t.t.d.PublishedGradleVersions - Gradle version information cache is not available. Remote download required.
2018-03-20 09:02:24,756 [Worker-1] INFO  c.g.t.t.d.PublishedGradleVersions - Gradle version information cache is not available. Remote download required.
2018-03-23 09:00:13,886 [Worker-0] INFO  c.g.t.t.d.PublishedGradleVersions - Gradle version information cache is not available. Remote download required.
2018-03-23 13:19:30,909 [Worker-0] INFO  c.g.t.t.d.PublishedGradleVersions - Gradle version information cache is not available. Remote download required.
